SF:lib/features/string_calculator/data/datasources/string_calculator_data_source_impl.dart
DA:4,1
DA:6,1
DA:12,1
DA:13,1
DA:14,2
DA:15,1
DA:16,2
DA:21,1
DA:24,1
DA:27,1
DA:28,1
DA:30,2
DA:31,1
DA:32,1
DA:33,1
DA:34,1
DA:36,1
DA:42,1
DA:43,1
DA:44,2
DA:49,3
LF:21
LH:21
end_of_record
SF:lib/core/error/failures.dart
DA:4,2
DA:8,4
LF:2
LH:2
end_of_record
SF:lib/features/string_calculator/data/repositories/string_calculator_repository_impl.dart
DA:10,1
DA:12,1
DA:15,2
DA:16,2
DA:17,1
DA:18,3
DA:20,0
LF:7
LH:6
end_of_record
SF:lib/features/string_calculator/domain/entities/calculation_result.dart
DA:6,3
LF:1
LH:1
end_of_record
SF:lib/features/string_calculator/domain/usecases/add_numbers.dart
DA:14,1
DA:16,1
DA:18,2
LF:3
LH:3
end_of_record
SF:lib/features/string_calculator/bloc/string_calculator_event.dart
DA:4,1
DA:10,1
LF:2
LH:2
end_of_record
SF:lib/features/string_calculator/bloc/string_calculator_bloc.dart
DA:15,1
DA:16,1
DA:17,2
DA:20,1
DA:24,3
DA:26,3
DA:28,1
DA:29,2
DA:30,2
DA:32,1
DA:35,2
DA:36,2
DA:38,1
DA:39,1
LF:14
LH:14
end_of_record
SF:lib/features/string_calculator/bloc/string_calculator_state.dart
DA:8,5
DA:14,1
DA:19,1
DA:20,1
DA:21,0
DA:22,1
DA:26,1
DA:27,4
LF:8
LH:7
end_of_record
SF:lib/features/string_calculator/presentation/string_calculator_screen.dart
DA:7,1
DA:9,1
DA:11,1
DA:12,1
DA:15,1
DA:17,1
DA:18,1
DA:19,1
DA:21,1
DA:23,1
DA:30,1
DA:31,1
DA:36,0
DA:37,0
DA:42,1
DA:43,1
DA:44,1
DA:45,1
DA:49,1
DA:50,0
DA:51,0
DA:56,1
DA:57,2
DA:64,1
DA:65,1
DA:66,0
LF:26
LH:21
end_of_record
SF:lib/main.dart
DA:8,0
DA:10,0
DA:13,0
DA:15,0
DA:19,1
DA:21,0
DA:23,0
DA:25,0
DA:26,0
DA:29,0
DA:30,0
DA:31,0
LF:12
LH:1
end_of_record
SF:lib/injection_container.dart
DA:9,0
DA:11,0
DA:13,0
DA:14,0
DA:18,0
DA:21,0
DA:22,0
DA:26,0
DA:27,0
LF:9
LH:0
end_of_record
